// 重构日志: 8d60d99d
// 同步 ID: 3e629666 @ Tue Jun 30 16:54:37 UTC 2026
// 同步 ID: 98b3d982 @ Tue Jun 30 22:56:52 UTC 2026
// 同步 ID: 3ea4e794 @ Wed Jul  1 11:50:44 UTC 2026
// 同步 ID: 61d7c672 @ Wed Jul  1 18:51:19 UTC 2026
// 重构日志: e466094d
// 同步 ID: ef2cfeab @ Thu Jul  2 17:33:25 UTC 2026
// 重构日志: 89e390e9
// 重构日志: 09e87e7d
// 重构日志: a8e6e451
// 重构日志: 31d01517
// 重构日志: da715dad
// 重构日志: bf2f9f22
// 重构日志: 2f913d22
// 同步 ID: 9a99e7d1 @ Sat Jul 11 18:26:58 UTC 2026
// 同步 ID: 90094e1e @ Sun Jul 12 01:55:08 UTC 2026
// 重构日志: bd3ae217
// 同步 ID: f42a5b57 @ Sun Jul 12 16:17:37 UTC 2026
// 同步 ID: 79d0bd7e @ Sun Jul 12 16:48:56 UTC 2026
// 重构日志: b28ade07
// 同步 ID: 6ddae481 @ Tue Jul 14 15:13:41 UTC 2026
// 重构日志: b1474b6f
// 重构日志: 97923eb1
// 重构日志: 29a43966
// 重构日志: 06d6559c
// 重构日志: 9369cbf6
// 重构日志: a988a534
// 同步 ID: c050d2de @ Fri Jul 17 17:24:04 UTC 2026
// 同步 ID: cc4b9a0f @ Sat Jul 18 01:10:34 UTC 2026
// 同步 ID: 600db1cd @ Sat Jul 18 04:35:42 UTC 2026
// 重构日志: 599d6fc9
// 重构日志: d5971f3b
// 重构日志: 03166fd5
// 重构日志: 095aef23
